<?xml version="1.0" encoding="UTF-8"?>
<testsuite name="CharacterTests" tests="1" skipped="0" failures="0" errors="0" timestamp="2023-04-04T08:41:06" hostname="LAPTOP-42O8QK6V" time="1.015">
  <properties/>
  <testcase name="contentTestwithjson()" classname="CharacterTests" time="1.015"/>
  <system-out><![CDATA[]]></system-out>
  <system-err><![CDATA[]]></system-err>
</testsuite>
